0 info it worked if it ends with ok
1 verbose cli [ '/usr/bin/node', '/usr/bin/npm', 'install', 'Case', '--save' ]
2 info using npm@3.10.10
3 info using node@v6.14.2
4 silly loadCurrentTree Starting
5 silly install loadCurrentTree
6 silly install readLocalPackageData
7 silly fetchPackageMetaData Case
8 silly fetchNamedPackageData Case
9 silly mapToRegistry name Case
10 silly mapToRegistry using default registry
11 silly mapToRegistry registry https://registry.npmjs.org/
12 silly mapToRegistry data Result {
12 silly mapToRegistry   raw: 'Case',
12 silly mapToRegistry   scope: null,
12 silly mapToRegistry   escapedName: 'Case',
12 silly mapToRegistry   name: 'Case',
12 silly mapToRegistry   rawSpec: '',
12 silly mapToRegistry   spec: 'latest',
12 silly mapToRegistry   type: 'tag' }
13 silly mapToRegistry uri https://registry.npmjs.org/Case
14 verbose request uri https://registry.npmjs.org/Case
15 verbose request no auth needed
16 info attempt registry request try #1 at 13:45:56
17 verbose request id 253605bbb7319575
18 http request GET https://registry.npmjs.org/Case
19 http 404 https://registry.npmjs.org/Case
20 verbose headers { date: 'Thu, 27 Jun 2019 11:45:57 GMT',
20 verbose headers   'content-type': 'application/json',
20 verbose headers   'content-length': '21',
20 verbose headers   connection: 'keep-alive',
20 verbose headers   'set-cookie': [ '__cfduid=d8ff6363d9fa009dd8fedd276b1e8a08d1561635956; expires=Fri, 26-Jun-20 11:45:56 GMT; path=/; domain=.npmjs.org; HttpOnly' ],
20 verbose headers   'cf-cache-status': 'MISS',
20 verbose headers   'cache-control': 'max-age=300',
20 verbose headers   'cf-ray': '4ed72d79bb04b7e1-CDG',
20 verbose headers   'expect-ct': 'max-age=604800, report-uri="https://report-uri.cloudflare.com/cdn-cgi/beacon/expect-ct"',
20 verbose headers   vary: 'accept-encoding, accept',
20 verbose headers   server: 'cloudflare' }
21 silly get cb [ 404,
21 silly get   { date: 'Thu, 27 Jun 2019 11:45:57 GMT',
21 silly get     'content-type': 'application/json',
21 silly get     'content-length': '21',
21 silly get     connection: 'keep-alive',
21 silly get     'set-cookie': [ '__cfduid=d8ff6363d9fa009dd8fedd276b1e8a08d1561635956; expires=Fri, 26-Jun-20 11:45:56 GMT; path=/; domain=.npmjs.org; HttpOnly' ],
21 silly get     'cf-cache-status': 'MISS',
21 silly get     'cache-control': 'max-age=300',
21 silly get     'cf-ray': '4ed72d79bb04b7e1-CDG',
21 silly get     'expect-ct': 'max-age=604800, report-uri="https://report-uri.cloudflare.com/cdn-cgi/beacon/expect-ct"',
21 silly get     vary: 'accept-encoding, accept',
21 silly get     server: 'cloudflare' } ]
22 silly fetchPackageMetaData Error: Not found : Case
22 silly fetchPackageMetaData     at makeError (/usr/lib/node_modules/npm/node_modules.bundled/npm-registry-client/lib/request.js:302:12)
22 silly fetchPackageMetaData     at CachingRegistryClient.<anonymous> (/usr/lib/node_modules/npm/node_modules.bundled/npm-registry-client/lib/request.js:290:14)
22 silly fetchPackageMetaData     at Request._callback (/usr/lib/node_modules/npm/node_modules.bundled/npm-registry-client/lib/request.js:210:14)
22 silly fetchPackageMetaData     at Request.self.callback (/usr/lib/node_modules/npm/node_modules.bundled/request/request.js:187:22)
22 silly fetchPackageMetaData     at emitTwo (events.js:106:13)
22 silly fetchPackageMetaData     at Request.emit (events.js:191:7)
22 silly fetchPackageMetaData     at Request.<anonymous> (/usr/lib/node_modules/npm/node_modules.bundled/request/request.js:1048:10)
22 silly fetchPackageMetaData     at emitOne (events.js:96:13)
22 silly fetchPackageMetaData     at Request.emit (events.js:188:7)
22 silly fetchPackageMetaData     at IncomingMessage.<anonymous> (/usr/lib/node_modules/npm/node_modules.bundled/request/request.js:969:12)
22 silly fetchPackageMetaData  error for Case { Error: Not found : Case
22 silly fetchPackageMetaData     at makeError (/usr/lib/node_modules/npm/node_modules.bundled/npm-registry-client/lib/request.js:302:12)
22 silly fetchPackageMetaData     at CachingRegistryClient.<anonymous> (/usr/lib/node_modules/npm/node_modules.bundled/npm-registry-client/lib/request.js:290:14)
22 silly fetchPackageMetaData     at Request._callback (/usr/lib/node_modules/npm/node_modules.bundled/npm-registry-client/lib/request.js:210:14)
22 silly fetchPackageMetaData     at Request.self.callback (/usr/lib/node_modules/npm/node_modules.bundled/request/request.js:187:22)
22 silly fetchPackageMetaData     at emitTwo (events.js:106:13)
22 silly fetchPackageMetaData     at Request.emit (events.js:191:7)
22 silly fetchPackageMetaData     at Request.<anonymous> (/usr/lib/node_modules/npm/node_modules.bundled/request/request.js:1048:10)
22 silly fetchPackageMetaData     at emitOne (events.js:96:13)
22 silly fetchPackageMetaData     at Request.emit (events.js:188:7)
22 silly fetchPackageMetaData     at IncomingMessage.<anonymous> (/usr/lib/node_modules/npm/node_modules.bundled/request/request.js:969:12) pkgid: 'Case', statusCode: 404, code: 'E404' }
23 silly rollbackFailedOptional Starting
24 silly rollbackFailedOptional Finishing
25 silly runTopLevelLifecycles Finishing
26 silly install printInstalled
27 verbose stack Error: Not found : Case
27 verbose stack     at makeError (/usr/lib/node_modules/npm/node_modules.bundled/npm-registry-client/lib/request.js:302:12)
27 verbose stack     at CachingRegistryClient.<anonymous> (/usr/lib/node_modules/npm/node_modules.bundled/npm-registry-client/lib/request.js:290:14)
27 verbose stack     at Request._callback (/usr/lib/node_modules/npm/node_modules.bundled/npm-registry-client/lib/request.js:210:14)
27 verbose stack     at Request.self.callback (/usr/lib/node_modules/npm/node_modules.bundled/request/request.js:187:22)
27 verbose stack     at emitTwo (events.js:106:13)
27 verbose stack     at Request.emit (events.js:191:7)
27 verbose stack     at Request.<anonymous> (/usr/lib/node_modules/npm/node_modules.bundled/request/request.js:1048:10)
27 verbose stack     at emitOne (events.js:96:13)
27 verbose stack     at Request.emit (events.js:188:7)
27 verbose stack     at IncomingMessage.<anonymous> (/usr/lib/node_modules/npm/node_modules.bundled/request/request.js:969:12)
28 verbose statusCode 404
29 verbose pkgid Case
30 verbose cwd /home/gael/tests/php/reacto
31 error Linux 4.16.11-100.fc26.x86_64
32 error argv "/usr/bin/node" "/usr/bin/npm" "install" "Case" "--save"
33 error node v6.14.2
34 error npm  v3.10.10
35 error code E404
36 error 404 Not found : Case
37 error 404
38 error 404 'Case' is not in the npm registry.
39 error 404 Your package name is not valid, because
40 error 404 1. name can no longer contain capital letters
41 error 404 Note that you can also install from a
42 error 404 tarball, folder, http url, or git url.
43 verbose exit [ 1, true ]
